0 -1.17668e-17
0.01 -8.56624e-18
0.02 -3.10644e-18
0.03 3.10644e-18
0.04 8.56624e-18
0.05 1.17668e-17
0.06 1.1202e-17
0.07 5.36566e-18
0.08 -7.06008e-18
0.09 -2.30629e-17
0.1 -3.53004e-17
0.11 -3.62418e-17
0.12 -1.83562e-17
0.13 2.51339e-17
0.14 8.36855e-17
0.15 1.29435e-16
0.16 1.33765e-16
0.17 6.80592e-17
0.18 -9.34755e-17
0.19 -3.11679e-16
0.2 -4.82439e-16
0.21 -4.98819e-16
0.22 -2.53881e-16
0.23 3.48768e-16
0.24 1.16303e-15
0.25 1.80032e-15
0.26 1.86151e-15
0.27 9.47463e-16
0.28 -1.3016e-15
0.29 -4.34045e-15
0.3 -6.71885e-15
0.31 -6.94722e-15
0.32 -3.53597e-15
0.33 4.85762e-15
0.34 1.61988e-14
0.35 2.50751e-14
0.36 2.59274e-14
0.37 1.31964e-14
0.38 -1.81289e-14
0.39 -6.04546e-14
0.4 -9.35814e-14
0.41 -9.67622e-14
0.42 -4.92497e-14
0.43 6.76579e-14
0.44 2.2562e-13
0.45 3.49251e-13
0.46 3.61122e-13
0.47 1.83803e-13
0.48 -2.52503e-13
0.49 -8.42023e-13
0.5 -1.30342e-12
0.51 -1.34772e-12
0.52 -6.8596e-13
0.53 9.42353e-13
0.54 3.14247e-12
0.55 4.86443e-12
0.56 5.02977e-12
0.57 2.56004e-12
0.58 -3.51691e-12
0.59 -1.17279e-11
0.6 -1.81543e-11
0.61 -1.87714e-11
0.62 -9.5542e-12
0.63 1.31253e-11
0.64 4.3769e-11
0.65 6.77528e-11
0.66 7.00557e-11
0.67 3.56567e-11
0.68 -4.89842e-11
0.69 -1.63348e-10
0.7 -2.52857e-10
0.71 -2.61451e-10
0.72 -1.33073e-10
0.73 1.82812e-10
0.74 6.09624e-10
0.75 9.43675e-10
0.76 9.7575e-10
0.77 4.96634e-10
0.78 -6.82262e-10
0.79 -2.27515e-09
0.8 -3.52184e-09
0.81 -3.64155e-09
0.82 -1.85346e-09
0.83 2.54624e-09
0.84 8.49096e-09
0.85 1.31437e-08
0.86 1.35904e-08
0.87 6.91722e-09
0.88 -9.50269e-09
0.89 -3.16887e-08
0.9 -4.90529e-08
0.91 -5.07202e-08
0.92 -2.58154e-08
0.93 3.54645e-08
0.94 1.18264e-07
0.95 1.83068e-07
0.96 1.89291e-07
0.97 9.63445e-08
0.98 -1.32355e-07
0.99 -4.41367e-07
1 -6.83219e-07
1.01 -7.06442e-07
1.02 -3.59563e-07
1.03 4.93957e-07
1.04 1.6472e-06
1.05 2.54981e-06
1.06 2.63648e-06
1.07 1.34191e-06
1.08 -1.84347e-06
1.09 -6.14745e-06
1.1 -9.51602e-06
1.11 -9.83947e-06
1.12 -5.00806e-06
1.13 6.87993e-06
1.14 2.29426e-05
1.15 3.55143e-05
1.16 3.67214e-05
1.17 1.86903e-05
1.18 -2.55459e-05
1.19 -8.2104e-05
1.2 -0.00011625
1.21 -9.23438e-05
1.22 2.52554e-05
1.23 0.000272639
1.24 0.000696289
1.25 0.00135307
1.26 0.00230031
1.27 0.00359533
1.28 0.00529673
1.29 0.00749254
1.3 0.0103002
1.31 0.0138385
1.32 0.0182262
1.33 0.0236142
1.34 0.0308945
1.35 0.0417
1.36 0.057696
1.37 0.0805475
1.38 0.111891
1.39 0.152701
1.4 0.20329
1.41 0.263943
1.42 0.334942
1.43 0.416589
1.44 0.509553
1.45 0.614872
1.46 0.733603
1.47 0.8668
1.48 1.01537
1.49 1.17678
1.5 1.34505
1.51 1.51408
1.52 1.67774
1.53 1.83004
1.54 1.96803
1.55 2.0918
1.56 2.20157
1.57 2.29755
1.58 2.37997
1.59 2.44893
1.6 2.50445
1.61 2.54655
1.62 2.57525
1.63 2.59054
1.64 2.59206
1.65 2.5791
1.66 2.55094
1.67 2.50684
1.68 2.44619
1.69 2.37116
1.7 2.28666
1.71 2.19774
1.72 2.10945
1.73 2.02667
1.74 1.95072
1.75 1.87935
1.76 1.81017
1.77 1.74077
1.78 1.66885
1.79 1.59417
1.8 1.51859
1.81 1.44408
1.82 1.37258
1.83 1.30599
1.84 1.24495
1.85 1.18885
1.86 1.13704
1.87 1.08884
1.88 1.0436
1.89 1.00078
1.9 0.95994
1.91 0.920659
1.92 0.882509
1.93 0.845094
1.94 0.808686
1.95 0.774231
1.96 0.742701
1.97 0.71507
1.98 0.69227
1.99 0.674283
2 0.660139
2.01 0.648829
2.02 0.639341
2.03 0.630677
2.04 0.622087
2.05 0.613072
2.06 0.603145
2.07 0.591816
2.08 0.578638
2.09 0.564063
2.1 0.549446
2.11 0.53618
2.12 0.525661
2.13 0.519227
2.14 0.516985
2.15 0.517808
2.16 0.520513
2.17 0.52392
2.18 0.526874
2.19 0.528885
2.2 0.530122
2.21 0.530786
2.22 0.531074
2.23 0.531202
2.24 0.531768
2.25 0.533749
2.26 0.538142
2.27 0.545941
2.28 0.55808
2.29 0.574056
2.3 0.591932
2.31 0.609711
2.32 0.625391
2.33 0.637062
2.34 0.644815
2.35 0.650747
2.36 0.657043
2.37 0.665887
2.38 0.679391
2.39 0.698047
2.4 0.720721
2.41 0.746212
2.42 0.773315
2.43 0.80084
2.44 0.827869
2.45 0.853755
2.46 0.877864
2.47 0.899564
2.48 0.918262
2.49 0.934343
2.5 0.949171
2.51 0.96415
2.52 0.980685
2.53 1.00013
2.54 1.02262
2.55 1.04709
2.56 1.0724
2.57 1.09745
2.58 1.12111
2.59 1.14289
2.6 1.16283
2.61 1.18102
2.62 1.19756
2.63 1.21253
2.64 1.22628
2.65 1.23938
2.66 1.25241
2.67 1.26597
2.68 1.28059
2.69 1.29609
2.7 1.31151
2.71 1.32589
2.72 1.33824
2.73 1.34762
2.74 1.35394
2.75 1.35799
2.76 1.36059
2.77 1.36254
2.78 1.36465
2.79 1.36709
2.8 1.36943
2.81 1.37124
2.82 1.37204
2.83 1.37141
2.84 1.36918
2.85 1.36546
2.86 1.36039
2.87 1.35407
2.88 1.34666
2.89 1.33829
2.9 1.32916
2.91 1.31945
2.92 1.30936
2.93 1.29907
2.94 1.28862
2.95 1.27793
2.96 1.26691
2.97 1.25546
2.98 1.24351
2.99 1.23118
3 1.21876
3.01 1.20659
3.02 1.19498
3.03 1.18423
3.04 1.17433
3.05 1.16489
3.06 1.15555
3.07 1.14592
3.08 1.13562
3.09 1.12434
3.1 1.11182
3.11 1.09784
3.12 1.08215
3.13 1.06452
3.14 1.04537
3.15 1.02574
3.16 1.0067
3.17 0.989327
3.18 0.974637
3.19 0.962731
3.2 0.952772
3.21 0.943884
3.22 0.935191
3.23 0.925839
3.24 0.915494
3.25 0.904339
3.26 0.89258
3.27 0.880425
3.28 0.868083
3.29 0.855838
3.3 0.844048
3.31 0.833074
3.32 0.823278
3.33 0.815011
3.34 0.808377
3.35 0.803237
3.36 0.799439
3.37 0.796834
3.38 0.795265
3.39 0.794464
3.4 0.794047
3.41 0.793629
3.42 0.792822
3.43 0.791255
3.44 0.788914
3.45 0.786144
3.46 0.783305
3.47 0.780758
3.48 0.778855
3.49 0.777743
3.5 0.777369
3.51 0.777669
3.52 0.77858
3.53 0.780034
3.54 0.781858
3.55 0.783777
3.56 0.785507
3.57 0.786767
3.58 0.787302
3.59 0.787448
3.6 0.788136
3.61 0.790321
3.62 0.79496
3.63 0.802956
3.64 0.814029
3.65 0.826713
3.66 0.839491
3.67 0.850844
3.68 0.859308
3.69 0.864623
3.7 0.867734
3.71 0.86964
3.72 0.871337
3.73 0.873805
3.74 0.877623
3.75 0.882964
3.76 0.889986
3.77 0.898846
3.78 0.90968
3.79 0.922187
3.8 0.935624
3.81 0.949228
3.82 0.962239
3.83 0.973915
3.84 0.984012
3.85 0.992779
3.86 1.00049
3.87 1.00741
3.88 1.01382
3.89 1.02009
3.9 1.02667
3.91 1.03402
3.92 1.04259
3.93 1.05283
3.94 1.06452
3.95 1.07682
3.96 1.08885
3.97 1.09976
3.98 1.10869
3.99 1.11552
4 1.12085
4.01 1.12529
4.02 1.12947
4.03 1.13399
4.04 1.13891
4.05 1.14379
4.06 1.14815
4.07 1.1515
4.08 1.1534
4.09 1.15378
4.1 1.153
4.11 1.15143
4.12 1.14946
4.13 1.14744
4.14 1.14561
4.15 1.14406
4.16 1.14288
4.17 1.14216
4.18 1.14198
4.19 1.14217
4.2 1.1423
4.21 1.14193
4.22 1.14063
4.23 1.13799
4.24 1.13398
4.25 1.12897
4.26 1.12336
4.27 1.11752
4.28 1.11186
4.29 1.10646
4.3 1.10119
4.31 1.09587
4.32 1.09035
4.33 1.08446
4.34 1.0783
4.35 1.07223
4.36 1.06662
4.37 1.06184
4.38 1.05822
4.39 1.0557
4.4 1.05381
4.41 1.05204
4.42 1.04991
4.43 1.04693
4.44 1.04286
4.45 1.03773
4.46 1.03159
4.47 1.02447
4.48 1.01641
4.49 1.00769
4.5 0.998794
4.51 0.990223
4.52 0.982477
4.53 0.976035
4.54 0.970911
4.55 0.966652
4.56 0.962787
4.57 0.958845
4.58 0.954374
4.59 0.949376
4.6 0.944314
4.61 0.939665
4.62 0.935911
4.63 0.933513
4.64 0.932506
4.65 0.9325
4.66 0.933087
4.67 0.933858
4.68 0.934409
4.69 0.934456
4.7 0.93383
4.71 0.932368
4.72 0.929909
4.73 0.926309
4.74 0.921896
4.75 0.917469
4.76 0.913845
4.77 0.911844
4.78 0.912249
4.79 0.91504
4.8 0.919396
4.81 0.924461
4.82 0.929379
4.83 0.933316
4.84 0.935966
4.85 0.937552
4.86 0.938316
4.87 0.938505
4.88 0.93836
4.89 0.938049
4.9 0.937673
4.91 0.937324
4.92 0.937099
4.93 0.937091
4.94 0.937347
4.95 0.937868
4.96 0.938653
4.97 0.939704
4.98 0.941022
4.99 0.942683
5 0.944835
5.01 0.947629
5.02 0.951217
5.03 0.955739
5.04 0.961103
5.05 0.966978
5.06 0.973028
5.07 0.978914
5.08 0.984306
5.09 0.989111
5.1 0.993469
5.11 0.997529
5.12 1.00144
5.13 1.00535
5.14 1.00923
5.15 1.01289
5.16 1.01613
5.17 1.01875
5.18 1.02058
5.19 1.02172
5.2 1.02264
5.21 1.02378
5.22 1.0256
5.23 1.02853
5.24 1.0325
5.25 1.03693
5.26 1.04122
5.27 1.04476
5.28 1.04697
5.29 1.04784
5.3 1.04789
5.31 1.04771
5.32 1.04783
5.33 1.04881
5.34 1.05078
5.35 1.05346
5.36 1.05654
5.37 1.05974
5.38 1.06276
5.39 1.0654
5.4 1.06758
5.41 1.06922
5.42 1.07022
5.43 1.07051
5.44 1.07017
5.45 1.06947
5.46 1.06866
5.47 1.068
5.48 1.06773
5.49 1.0678
5.5 1.06786
5.51 1.06752
5.52 1.06641
5.53 1.06418
5.54 1.06076
5.55 1.05635
5.56 1.05119
5.57 1.04551
5.58 1.03953
5.59 1.03351
5.6 1.02776
5.61 1.02256
5.62 1.01821
5.63 1.01498
5.64 1.01275
5.65 1.011
5.66 1.00921
5.67 1.00682
5.68 1.00333
5.69 0.998749
5.7 0.993645
5.71 0.988592
5.72 0.984168
5.73 0.980929
5.74 0.978897
5.75 0.977559
5.76 0.976379
5.77 0.974823
5.78 0.972377
5.79 0.96905
5.8 0.965368
5.81 0.961883
5.82 0.959146
5.83 0.957686
5.84 0.957536
5.85 0.958234
5.86 0.959296
5.87 0.960238
5.88 0.960592
5.89 0.960289
5.9 0.959651
5.91 0.95902
5.92 0.958736
5.93 0.959129
5.94 0.960227
5.95 0.96176
5.96 0.963446
5.97 0.965002
5.98 0.966154
5.99 0.966813
6 0.967079
6.01 0.967057
6.02 0.966856
6.03 0.966579
6.04 0.966312
6.05 0.966116
6.06 0.966052
6.07 0.966181
6.08 0.96656
6.09 0.967192
6.1 0.96802
6.11 0.968986
6.12 0.970032
6.13 0.971102
6.14 0.972196
6.15 0.973374
6.16 0.974695
6.17 0.97622
6.18 0.978001
6.19 0.979928
6.2 0.981725
6.21 0.983107
6.22 0.983792
6.23 0.983512
6.24 0.982348
6.25 0.980731
6.26 0.979107
6.27 0.977924
6.28 0.977611
6.29 0.97827
6.3 0.979667
6.31 0.981557
6.32 0.983691
6.33 0.985828
6.34 0.987866
6.35 0.989835
6.36 0.991774
6.37 0.993723
6.38 0.995719
6.39 0.997816
6.4 1.00008
6.41 1.00259
6.42 1.0054
6.43 1.00859
6.44 1.01202
6.45 1.01541
6.46 1.01844
6.47 1.02081
6.48 1.02223
6.49 1.02271
6.5 1.02258
6.51 1.02219
6.52 1.02187
6.53 1.02195
6.54 1.02249
6.55 1.02327
6.56 1.02407
6.57 1.02464
6.58 1.02478
6.59 1.0245
6.6 1.02407
6.61 1.02376
6.62 1.02387
6.63 1.02465
6.64 1.02617
6.65 1.02831
6.66 1.03093
6.67 1.03389
6.68 1.03704
6.69 1.04016
6.7 1.04292
6.71 1.04499
6.72 1.04604
6.73 1.04575
6.74 1.04412
6.75 1.04147
6.76 1.03812
6.77 1.03441
6.78 1.03067
6.79 1.02713
6.8 1.02396
6.81 1.02132
6.82 1.01937
6.83 1.01826
6.84 1.01788
6.85 1.01784
6.86 1.01778
6.87 1.01729
6.88 1.01602
6.89 1.01398
6.9 1.0116
6.91 1.0093
6.92 1.00752
6.93 1.00667
6.94 1.00673
6.95 1.00723
6.96 1.00768
6.97 1.00761
6.98 1.00656
6.99 1.00449
7 1.00185
7.01 0.999094
7.02 0.99666
7.03 0.994987
7.04 0.994088
7.05 0.993559
7.06 0.992974
7.07 0.991913
7.08 0.989973
7.09 0.98729
7.1 0.984532
7.11 0.982394
7.12 0.981567
7.13 0.982707
7.14 0.985634
7.15 0.989333
7.16 0.992751
7.17 0.994834
7.18 0.994576
7.19 0.992005
7.2 0.988183
7.21 0.984219
7.22 0.981222
7.23 0.980259
7.24 0.981462
7.25 0.98403
7.26 0.987118
7.27 0.989883
7.28 0.991508
7.29 0.991793
7.3 0.991149
7.31 0.990015
7.32 0.988832
7.33 0.988025
7.34 0.987675
7.35 0.987528
7.36 0.987311
7.37 0.986751
7.38 0.985591
7.39 0.983878
7.4 0.981967
7.41 0.980225
7.42 0.979019
7.43 0.978703
7.44 0.979326
7.45 0.980631
7.46 0.982348
7.47 0.984206
7.48 0.985941
7.49 0.987423
7.5 0.988653
7.51 0.989641
7.52 0.990395
7.53 0.990927
7.54 0.991273
7.55 0.991502
7.56 0.991682
7.57 0.991882
7.58 0.992165
7.59 0.992508
7.6 0.992797
7.61 0.992916
7.62 0.992746
7.63 0.992182
7.64 0.991373
7.65 0.990719
7.66 0.990635
7.67 0.991535
7.68 0.993806
7.69 0.997276
7.7 1.00121
7.71 1.00484
7.72 1.00741
7.73 1.00819
7.74 1.00716
7.75 1.005
7.76 1.00245
7.77 1.00022
7.78 0.999019
7.79 0.999028
7.8 0.999938
7.81 1.00141
7.82 1.00311
7.83 1.00472
7.84 1.00606
7.85 1.00718
7.86 1.00809
7.87 1.00883
7.88 1.00942
7.89 1.00987
7.9 1.01018
7.91 1.01034
7.92 1.01034
7.93 1.01017
7.94 1.00985
7.95 1.0094
7.96 1.00887
7.97 1.00829
7.98 1.00768
7.99 1.00711
8 1.00664
