<?xml version="1.0" encoding="UTF-8"?>
<fpmd:simulation xmlns:fpmd="http://www.quantum-simulation.org/ns/fpmd/fpmd-1.0">

                   ============================
                   I qbox 1.45.0              I
                   I                          I
                   I                          I
                   I                          I
                   I                          I
                   I                          I
                   I                          I
                   I                          I
                   I                          I
                   I                          I
                   I                          I
                   I                          I
                   I http://eslab.ucdavis.edu I
                   ============================


<release> 1.45.0 su-ahpcrc </release>
<user> caiwei </user>
<sysname> Linux </sysname>
<nodename> su-ahpcrc.stanford.edu </nodename>
<start_time> 2009-05-02T20:19:34Z </start_time>
<mpi_processes count="1">
<process id="0"> su-ahpcrc.stanford.edu </process>
</mpi_processes>
[qbox] # compute the stress tensor for FCC Au
[qbox] set nrowmax 16
 Wavefunction::set_nrowmax: nrowmax > ctxt_.size()
[qbox] # FCC Au exp lattice constant a=4.08 Ang = 7.71 Bohr
[qbox] set cell  3.9 3.9 0.000  0.000 3.9 3.9  3.9 0.000 3.9
<unit_cell 
    a="3.90000000   3.90000000   0.00000000  "
    b="0.00000000   3.90000000   3.90000000  "
    c="3.90000000   0.00000000   3.90000000  " />
[qbox] set ref_cell 4 4 0  0 4 4  4 0 4
  <reference_unit_cell>
<unit_cell 
    a="4.00000000   4.00000000   0.00000000  "
    b="0.00000000   4.00000000   4.00000000  "
    c="4.00000000   0.00000000   4.00000000  " />
  </reference_unit_cell>
[qbox] species gold au-pbe.TM.xml
  SpeciesCmd: defining species gold as au-pbe.TM.xml

 species gold:
 name_ = gold
 description_ = 
au-pbe.FHI.GP

 uri_ = au-pbe.TM.xml
 symbol_ = Au
 atomic_number_ = 79
 Kleinman-Bylander potential
 valence charge = 11 / ionic mass_ = 1.00000000 (amu)
 lmax_ =   2
 llocal_ = 0
 rcps_ =   1.50000000
[qbox] atom Au gold 0 0 0
[qbox] 
[qbox] set nempty 8
[qbox] set ecut 90
[qbox] 
[qbox] # define kpoints using file kp8881fcc.i
[qbox] kp8881fcc.i
[qbox][kp8881fcc.i] # kpgen     8 8 8
[qbox][kp8881fcc.i] # sx,sy,sz= 1 1 1
[qbox][kp8881fcc.i] # a0 = 1 1 0
[qbox][kp8881fcc.i] # a1 = 0 1 1
[qbox][kp8881fcc.i] # a2 = 1 0 1
[qbox][kp8881fcc.i] # 341 k-points
[qbox][kp8881fcc.i] 
[qbox][kp8881fcc.i]  kpoint delete 0 0 0
[qbox][kp8881fcc.i]  kpoint add -0.3750000000 -0.3750000000 -0.5000000000   1.95312500000000e-03
[qbox][kp8881fcc.i]  kpoint add -0.3750000000 -0.2500000000 -0.5000000000   1.95312500000000e-03
[qbox][kp8881fcc.i]  kpoint add -0.3750000000 -0.1250000000 -0.5000000000   1.95312500000000e-03
[qbox][kp8881fcc.i]  kpoint add -0.3750000000  0.0000000000 -0.5000000000   1.95312500000000e-03
[qbox][kp8881fcc.i]  kpoint add  0.6250000000  0.1250000000  0.5000000000   1.95312500000000e-03
[qbox][kp8881fcc.i]  kpoint add  0.6250000000  0.2500000000  0.5000000000   1.95312500000000e-03
[qbox][kp8881fcc.i]  kpoint add  0.6250000000  0.3750000000  0.5000000000   1.95312500000000e-03
[qbox][kp8881fcc.i]  kpoint add -0.3750000000 -0.5000000000 -0.3750000000   1.95312500000000e-03
[qbox][kp8881fcc.i]  kpoint add -0.3750000000 -0.5000000000 -0.2500000000   1.95312500000000e-03
[qbox][kp8881fcc.i]  kpoint add -0.3750000000 -0.5000000000 -0.1250000000   1.95312500000000e-03
[qbox][kp8881fcc.i]  kpoint add -0.3750000000 -0.5000000000  0.0000000000   1.95312500000000e-03
[qbox][kp8881fcc.i]  kpoint add  0.6250000000  0.5000000000  0.1250000000   1.95312500000000e-03
[qbox][kp8881fcc.i]  kpoint add  0.6250000000  0.5000000000  0.2500000000   1.95312500000000e-03
[qbox][kp8881fcc.i]  kpoint add  0.6250000000  0.5000000000  0.3750000000   1.95312500000000e-03
[qbox][kp8881fcc.i]  kpoint add -0.3750000000 -0.5000000000 -0.5000000000   1.95312500000000e-03
[qbox][kp8881fcc.i]  kpoint add -0.2500000000 -0.3750000000 -0.5000000000   1.95312500000000e-03
[qbox][kp8881fcc.i]  kpoint add -0.2500000000 -0.2500000000 -0.5000000000   1.95312500000000e-03
[qbox][kp8881fcc.i]  kpoint add -0.2500000000 -0.1250000000 -0.5000000000   1.95312500000000e-03
[qbox][kp8881fcc.i]  kpoint add -0.2500000000  0.0000000000 -0.5000000000   1.95312500000000e-03
[qbox][kp8881fcc.i]  kpoint add -0.2500000000  0.1250000000 -0.5000000000   1.95312500000000e-03
[qbox][kp8881fcc.i]  kpoint add -0.2500000000  0.2500000000  0.5000000000   1.95312500000000e-03
[qbox][kp8881fcc.i]  kpoint add -0.2500000000 -0.6250000000 -0.5000000000   1.95312500000000e-03
[qbox][kp8881fcc.i]  kpoint add -0.2500000000 -0.5000000000 -0.3750000000   1.95312500000000e-03
[qbox][kp8881fcc.i]  kpoint add -0.2500000000 -0.5000000000 -0.2500000000   1.95312500000000e-03
[qbox][kp8881fcc.i]  kpoint add -0.2500000000 -0.5000000000 -0.1250000000   1.95312500000000e-03
[qbox][kp8881fcc.i]  kpoint add -0.2500000000 -0.5000000000  0.0000000000   1.95312500000000e-03
[qbox][kp8881fcc.i]  kpoint add -0.2500000000 -0.5000000000  0.1250000000   1.95312500000000e-03
[qbox][kp8881fcc.i]  kpoint add -0.2500000000  0.5000000000  0.2500000000   1.95312500000000e-03
[qbox][kp8881fcc.i]  kpoint add -0.2500000000 -0.5000000000 -0.6250000000   1.95312500000000e-03
[qbox][kp8881fcc.i]  kpoint add -0.2500000000 -0.5000000000 -0.5000000000   1.95312500000000e-03
[qbox][kp8881fcc.i]  kpoint add -0.1250000000 -0.3750000000 -0.5000000000   1.95312500000000e-03
[qbox][kp8881fcc.i]  kpoint add -0.1250000000 -0.2500000000 -0.5000000000   1.95312500000000e-03
[qbox][kp8881fcc.i]  kpoint add -0.1250000000 -0.1250000000 -0.5000000000   1.95312500000000e-03
[qbox][kp8881fcc.i]  kpoint add -0.1250000000  0.0000000000 -0.5000000000   1.95312500000000e-03
[qbox][kp8881fcc.i]  kpoint add -0.1250000000  0.1250000000  0.5000000000   1.95312500000000e-03
[qbox][kp8881fcc.i]  kpoint add -0.1250000000  0.2500000000  0.5000000000   1.95312500000000e-03
[qbox][kp8881fcc.i]  kpoint add -0.1250000000  0.3750000000  0.5000000000   1.95312500000000e-03
[qbox][kp8881fcc.i]  kpoint add -0.1250000000 -0.5000000000 -0.3750000000   1.95312500000000e-03
[qbox][kp8881fcc.i]  kpoint add -0.1250000000 -0.5000000000 -0.2500000000   1.95312500000000e-03
[qbox][kp8881fcc.i]  kpoint add -0.1250000000 -0.5000000000 -0.1250000000   1.95312500000000e-03
[qbox][kp8881fcc.i]  kpoint add -0.1250000000 -0.5000000000  0.0000000000   1.95312500000000e-03
[qbox][kp8881fcc.i]  kpoint add -0.1250000000  0.5000000000  0.1250000000   1.95312500000000e-03
[qbox][kp8881fcc.i]  kpoint add -0.1250000000  0.5000000000  0.2500000000   1.95312500000000e-03
[qbox][kp8881fcc.i]  kpoint add -0.1250000000  0.5000000000  0.3750000000   1.95312500000000e-03
[qbox][kp8881fcc.i]  kpoint add -0.1250000000 -0.5000000000 -0.5000000000   1.95312500000000e-03
[qbox][kp8881fcc.i]  kpoint add  0.0000000000 -0.3750000000 -0.5000000000   1.95312500000000e-03
[qbox][kp8881fcc.i]  kpoint add  0.0000000000 -0.2500000000 -0.5000000000   1.95312500000000e-03
[qbox][kp8881fcc.i]  kpoint add  0.0000000000 -0.1250000000 -0.5000000000   1.95312500000000e-03
[qbox][kp8881fcc.i]  kpoint add  0.0000000000  0.0000000000  0.0000000000   1.95312500000000e-03
[qbox][kp8881fcc.i]  kpoint add  0.0000000000  0.0000000000  0.1250000000   3.90625000000000e-03
[qbox][kp8881fcc.i]  kpoint add  0.0000000000  0.0000000000  0.2500000000   3.90625000000000e-03
[qbox][kp8881fcc.i]  kpoint add  0.0000000000  0.0000000000  0.3750000000   3.90625000000000e-03
[qbox][kp8881fcc.i]  kpoint add  0.0000000000  0.0000000000  0.5000000000   1.95312500000000e-03
[qbox][kp8881fcc.i]  kpoint add  0.0000000000  0.1250000000 -0.3750000000   3.90625000000000e-03
[qbox][kp8881fcc.i]  kpoint add  0.0000000000  0.1250000000 -0.2500000000   3.90625000000000e-03
[qbox][kp8881fcc.i]  kpoint add  0.0000000000  0.1250000000 -0.1250000000   3.90625000000000e-03
[qbox][kp8881fcc.i]  kpoint add  0.0000000000  0.1250000000  0.0000000000   3.90625000000000e-03
[qbox][kp8881fcc.i]  kpoint add  0.0000000000  0.1250000000  0.1250000000   3.90625000000000e-03
[qbox][kp8881fcc.i]  kpoint add  0.0000000000  0.1250000000  0.2500000000   3.90625000000000e-03
[qbox][kp8881fcc.i]  kpoint add  0.0000000000  0.1250000000  0.3750000000   3.90625000000000e-03
[qbox][kp8881fcc.i]  kpoint add  0.0000000000  0.1250000000  0.5000000000   1.95312500000000e-03
[qbox][kp8881fcc.i]  kpoint add  0.0000000000  0.2500000000 -0.3750000000   3.90625000000000e-03
[qbox][kp8881fcc.i]  kpoint add  0.0000000000  0.2500000000 -0.2500000000   3.90625000000000e-03
[qbox][kp8881fcc.i]  kpoint add  0.0000000000  0.2500000000 -0.1250000000   3.90625000000000e-03
[qbox][kp8881fcc.i]  kpoint add  0.0000000000  0.2500000000  0.0000000000   3.90625000000000e-03
[qbox][kp8881fcc.i]  kpoint add  0.0000000000  0.2500000000  0.1250000000   3.90625000000000e-03
[qbox][kp8881fcc.i]  kpoint add  0.0000000000  0.2500000000  0.2500000000   3.90625000000000e-03
[qbox][kp8881fcc.i]  kpoint add  0.0000000000  0.2500000000  0.3750000000   3.90625000000000e-03
[qbox][kp8881fcc.i]  kpoint add  0.0000000000  0.2500000000  0.5000000000   1.95312500000000e-03
[qbox][kp8881fcc.i]  kpoint add  0.0000000000  0.3750000000 -0.3750000000   3.90625000000000e-03
[qbox][kp8881fcc.i]  kpoint add  0.0000000000  0.3750000000 -0.2500000000   3.90625000000000e-03
[qbox][kp8881fcc.i]  kpoint add  0.0000000000  0.3750000000 -0.1250000000   3.90625000000000e-03
[qbox][kp8881fcc.i]  kpoint add  0.0000000000  0.3750000000  0.0000000000   3.90625000000000e-03
[qbox][kp8881fcc.i]  kpoint add  0.0000000000  0.3750000000  0.1250000000   3.90625000000000e-03
[qbox][kp8881fcc.i]  kpoint add  0.0000000000  0.3750000000  0.2500000000   3.90625000000000e-03
[qbox][kp8881fcc.i]  kpoint add  0.0000000000  0.3750000000  0.3750000000   3.90625000000000e-03
[qbox][kp8881fcc.i]  kpoint add  0.0000000000  0.3750000000  0.5000000000   1.95312500000000e-03
[qbox][kp8881fcc.i]  kpoint add  0.0000000000 -0.5000000000 -0.3750000000   1.95312500000000e-03
[qbox][kp8881fcc.i]  kpoint add  0.0000000000 -0.5000000000 -0.2500000000   1.95312500000000e-03
[qbox][kp8881fcc.i]  kpoint add  0.0000000000 -0.5000000000 -0.1250000000   1.95312500000000e-03
[qbox][kp8881fcc.i]  kpoint add  0.0000000000  0.5000000000  0.0000000000   1.95312500000000e-03
[qbox][kp8881fcc.i]  kpoint add  0.0000000000  0.5000000000  0.1250000000   1.95312500000000e-03
[qbox][kp8881fcc.i]  kpoint add  0.0000000000  0.5000000000  0.2500000000   1.95312500000000e-03
[qbox][kp8881fcc.i]  kpoint add  0.0000000000  0.5000000000  0.3750000000   1.95312500000000e-03
[qbox][kp8881fcc.i]  kpoint add  0.0000000000  0.5000000000  0.5000000000   1.95312500000000e-03
[qbox][kp8881fcc.i]  kpoint add  0.1250000000 -0.3750000000 -0.3750000000   3.90625000000000e-03
[qbox][kp8881fcc.i]  kpoint add  0.1250000000 -0.3750000000 -0.2500000000   3.90625000000000e-03
[qbox][kp8881fcc.i]  kpoint add  0.1250000000 -0.3750000000 -0.1250000000   3.90625000000000e-03
[qbox][kp8881fcc.i]  kpoint add  0.1250000000 -0.3750000000  0.0000000000   3.90625000000000e-03
[qbox][kp8881fcc.i]  kpoint add  0.1250000000 -0.3750000000  0.1250000000   3.90625000000000e-03
[qbox][kp8881fcc.i]  kpoint add  0.1250000000 -0.3750000000  0.2500000000   3.90625000000000e-03
[qbox][kp8881fcc.i]  kpoint add  0.1250000000  0.6250000000  0.3750000000   3.90625000000000e-03
[qbox][kp8881fcc.i]  kpoint add  0.1250000000  0.6250000000  0.5000000000   1.95312500000000e-03
[qbox][kp8881fcc.i]  kpoint add  0.1250000000 -0.2500000000 -0.3750000000   3.90625000000000e-03
[qbox][kp8881fcc.i]  kpoint add  0.1250000000 -0.2500000000 -0.2500000000   3.90625000000000e-03
[qbox][kp8881fcc.i]  kpoint add  0.1250000000 -0.2500000000 -0.1250000000   3.90625000000000e-03
[qbox][kp8881fcc.i]  kpoint add  0.1250000000 -0.2500000000  0.0000000000   3.90625000000000e-03
[qbox][kp8881fcc.i]  kpoint add  0.1250000000 -0.2500000000  0.1250000000   3.90625000000000e-03
[qbox][kp8881fcc.i]  kpoint add  0.1250000000 -0.2500000000  0.2500000000   3.90625000000000e-03
[qbox][kp8881fcc.i]  kpoint add  0.1250000000 -0.2500000000  0.3750000000   3.90625000000000e-03
[qbox][kp8881fcc.i]  kpoint add  0.1250000000 -0.2500000000 -0.5000000000   1.95312500000000e-03
[qbox][kp8881fcc.i]  kpoint add  0.1250000000 -0.1250000000 -0.3750000000   3.90625000000000e-03
[qbox][kp8881fcc.i]  kpoint add  0.1250000000 -0.1250000000 -0.2500000000   3.90625000000000e-03
[qbox][kp8881fcc.i]  kpoint add  0.1250000000 -0.1250000000 -0.1250000000   3.90625000000000e-03
[qbox][kp8881fcc.i]  kpoint add  0.1250000000 -0.1250000000  0.0000000000   3.90625000000000e-03
[qbox][kp8881fcc.i]  kpoint add  0.1250000000 -0.1250000000  0.1250000000   3.90625000000000e-03
[qbox][kp8881fcc.i]  kpoint add  0.1250000000 -0.1250000000  0.2500000000   3.90625000000000e-03
[qbox][kp8881fcc.i]  kpoint add  0.1250000000 -0.1250000000  0.3750000000   3.90625000000000e-03
[qbox][kp8881fcc.i]  kpoint add  0.1250000000 -0.1250000000  0.5000000000   1.95312500000000e-03
[qbox][kp8881fcc.i]  kpoint add  0.1250000000  0.0000000000 -0.3750000000   3.90625000000000e-03
[qbox][kp8881fcc.i]  kpoint add  0.1250000000  0.0000000000 -0.2500000000   3.90625000000000e-03
[qbox][kp8881fcc.i]  kpoint add  0.1250000000  0.0000000000 -0.1250000000   3.90625000000000e-03
[qbox][kp8881fcc.i]  kpoint add  0.1250000000  0.0000000000  0.0000000000   3.90625000000000e-03
[qbox][kp8881fcc.i]  kpoint add  0.1250000000  0.0000000000  0.1250000000   3.90625000000000e-03
[qbox][kp8881fcc.i]  kpoint add  0.1250000000  0.0000000000  0.2500000000   3.90625000000000e-03
[qbox][kp8881fcc.i]  kpoint add  0.1250000000  0.0000000000  0.3750000000   3.90625000000000e-03
[qbox][kp8881fcc.i]  kpoint add  0.1250000000  0.0000000000  0.5000000000   1.95312500000000e-03
[qbox][kp8881fcc.i]  kpoint add  0.1250000000  0.1250000000 -0.3750000000   3.90625000000000e-03
[qbox][kp8881fcc.i]  kpoint add  0.1250000000  0.1250000000 -0.2500000000   3.90625000000000e-03
[qbox][kp8881fcc.i]  kpoint add  0.1250000000  0.1250000000 -0.1250000000   3.90625000000000e-03
[qbox][kp8881fcc.i]  kpoint add  0.1250000000  0.1250000000  0.0000000000   3.90625000000000e-03
[qbox][kp8881fcc.i]  kpoint add  0.1250000000  0.1250000000  0.1250000000   3.90625000000000e-03
[qbox][kp8881fcc.i]  kpoint add  0.1250000000  0.1250000000  0.2500000000   3.90625000000000e-03
[qbox][kp8881fcc.i]  kpoint add  0.1250000000  0.1250000000  0.3750000000   3.90625000000000e-03
[qbox][kp8881fcc.i]  kpoint add  0.1250000000  0.1250000000  0.5000000000   1.95312500000000e-03
[qbox][kp8881fcc.i]  kpoint add  0.1250000000  0.2500000000 -0.3750000000   3.90625000000000e-03
[qbox][kp8881fcc.i]  kpoint add  0.1250000000  0.2500000000 -0.2500000000   3.90625000000000e-03
[qbox][kp8881fcc.i]  kpoint add  0.1250000000  0.2500000000 -0.1250000000   3.90625000000000e-03
[qbox][kp8881fcc.i]  kpoint add  0.1250000000  0.2500000000  0.0000000000   3.90625000000000e-03
[qbox][kp8881fcc.i]  kpoint add  0.1250000000  0.2500000000  0.1250000000   3.90625000000000e-03
[qbox][kp8881fcc.i]  kpoint add  0.1250000000  0.2500000000  0.2500000000   3.90625000000000e-03
[qbox][kp8881fcc.i]  kpoint add  0.1250000000  0.2500000000  0.3750000000   3.90625000000000e-03
[qbox][kp8881fcc.i]  kpoint add  0.1250000000  0.2500000000  0.5000000000   1.95312500000000e-03
[qbox][kp8881fcc.i]  kpoint add  0.1250000000  0.3750000000  0.6250000000   3.90625000000000e-03
[qbox][kp8881fcc.i]  kpoint add  0.1250000000  0.3750000000 -0.2500000000   3.90625000000000e-03
[qbox][kp8881fcc.i]  kpoint add  0.1250000000  0.3750000000 -0.1250000000   3.90625000000000e-03
[qbox][kp8881fcc.i]  kpoint add  0.1250000000  0.3750000000  0.0000000000   3.90625000000000e-03
[qbox][kp8881fcc.i]  kpoint add  0.1250000000  0.3750000000  0.1250000000   3.90625000000000e-03
[qbox][kp8881fcc.i]  kpoint add  0.1250000000  0.3750000000  0.2500000000   3.90625000000000e-03
[qbox][kp8881fcc.i]  kpoint add  0.1250000000  0.3750000000  0.3750000000   3.90625000000000e-03
[qbox][kp8881fcc.i]  kpoint add  0.1250000000  0.3750000000  0.5000000000   1.95312500000000e-03
[qbox][kp8881fcc.i]  kpoint add  0.1250000000  0.5000000000  0.6250000000   1.95312500000000e-03
[qbox][kp8881fcc.i]  kpoint add  0.1250000000 -0.5000000000 -0.2500000000   1.95312500000000e-03
[qbox][kp8881fcc.i]  kpoint add  0.1250000000  0.5000000000 -0.1250000000   1.95312500000000e-03
[qbox][kp8881fcc.i]  kpoint add  0.1250000000  0.5000000000  0.0000000000   1.95312500000000e-03
[qbox][kp8881fcc.i]  kpoint add  0.1250000000  0.5000000000  0.1250000000   1.95312500000000e-03
[qbox][kp8881fcc.i]  kpoint add  0.1250000000  0.5000000000  0.2500000000   1.95312500000000e-03
[qbox][kp8881fcc.i]  kpoint add  0.1250000000  0.5000000000  0.3750000000   1.95312500000000e-03
[qbox][kp8881fcc.i]  kpoint add  0.1250000000  0.5000000000  0.5000000000   1.95312500000000e-03
[qbox][kp8881fcc.i]  kpoint add  0.2500000000 -0.3750000000 -0.3750000000   3.90625000000000e-03
[qbox][kp8881fcc.i]  kpoint add  0.2500000000 -0.3750000000 -0.2500000000   3.90625000000000e-03
[qbox][kp8881fcc.i]  kpoint add  0.2500000000 -0.3750000000 -0.1250000000   3.90625000000000e-03
[qbox][kp8881fcc.i]  kpoint add  0.2500000000 -0.3750000000  0.0000000000   3.90625000000000e-03
[qbox][kp8881fcc.i]  kpoint add  0.2500000000 -0.3750000000  0.1250000000   3.90625000000000e-03
[qbox][kp8881fcc.i]  kpoint add  0.2500000000  0.6250000000  0.2500000000   3.90625000000000e-03
[qbox][kp8881fcc.i]  kpoint add  0.2500000000  0.6250000000  0.3750000000   3.90625000000000e-03
[qbox][kp8881fcc.i]  kpoint add  0.2500000000  0.6250000000  0.5000000000   1.95312500000000e-03
[qbox][kp8881fcc.i]  kpoint add  0.2500000000 -0.2500000000 -0.3750000000   3.90625000000000e-03
[qbox][kp8881fcc.i]  kpoint add  0.2500000000 -0.2500000000 -0.2500000000   3.90625000000000e-03
[qbox][kp8881fcc.i]  kpoint add  0.2500000000 -0.2500000000 -0.1250000000   3.90625000000000e-03
[qbox][kp8881fcc.i]  kpoint add  0.2500000000 -0.2500000000  0.0000000000   3.90625000000000e-03
[qbox][kp8881fcc.i]  kpoint add  0.2500000000 -0.2500000000  0.1250000000   3.90625000000000e-03
[qbox][kp8881fcc.i]  kpoint add  0.2500000000 -0.2500000000  0.2500000000   3.90625000000000e-03
[qbox][kp8881fcc.i]  kpoint add  0.2500000000 -0.2500000000  0.3750000000   3.90625000000000e-03
[qbox][kp8881fcc.i]  kpoint add  0.2500000000 -0.2500000000  0.5000000000   1.95312500000000e-03
[qbox][kp8881fcc.i]  kpoint add  0.2500000000 -0.1250000000 -0.3750000000   3.90625000000000e-03
[qbox][kp8881fcc.i]  kpoint add  0.2500000000 -0.1250000000 -0.2500000000   3.90625000000000e-03
[qbox][kp8881fcc.i]  kpoint add  0.2500000000 -0.1250000000 -0.1250000000   3.90625000000000e-03
[qbox][kp8881fcc.i]  kpoint add  0.2500000000 -0.1250000000  0.0000000000   3.90625000000000e-03
[qbox][kp8881fcc.i]  kpoint add  0.2500000000 -0.1250000000  0.1250000000   3.90625000000000e-03
[qbox][kp8881fcc.i]  kpoint add  0.2500000000 -0.1250000000  0.2500000000   3.90625000000000e-03
[qbox][kp8881fcc.i]  kpoint add  0.2500000000 -0.1250000000  0.3750000000   3.90625000000000e-03
[qbox][kp8881fcc.i]  kpoint add  0.2500000000 -0.1250000000  0.5000000000   1.95312500000000e-03
[qbox][kp8881fcc.i]  kpoint add  0.2500000000  0.0000000000 -0.3750000000   3.90625000000000e-03
[qbox][kp8881fcc.i]  kpoint add  0.2500000000  0.0000000000 -0.2500000000   3.90625000000000e-03
[qbox][kp8881fcc.i]  kpoint add  0.2500000000  0.0000000000 -0.1250000000   3.90625000000000e-03
[qbox][kp8881fcc.i]  kpoint add  0.2500000000  0.0000000000  0.0000000000   3.90625000000000e-03
[qbox][kp8881fcc.i]  kpoint add  0.2500000000  0.0000000000  0.1250000000   3.90625000000000e-03
[qbox][kp8881fcc.i]  kpoint add  0.2500000000  0.0000000000  0.2500000000   3.90625000000000e-03
[qbox][kp8881fcc.i]  kpoint add  0.2500000000  0.0000000000  0.3750000000   3.90625000000000e-03
[qbox][kp8881fcc.i]  kpoint add  0.2500000000  0.0000000000  0.5000000000   1.95312500000000e-03
[qbox][kp8881fcc.i]  kpoint add  0.2500000000  0.1250000000 -0.3750000000   3.90625000000000e-03
[qbox][kp8881fcc.i]  kpoint add  0.2500000000  0.1250000000 -0.2500000000   3.90625000000000e-03
[qbox][kp8881fcc.i]  kpoint add  0.2500000000  0.1250000000 -0.1250000000   3.90625000000000e-03
[qbox][kp8881fcc.i]  kpoint add  0.2500000000  0.1250000000  0.0000000000   3.90625000000000e-03
[qbox][kp8881fcc.i]  kpoint add  0.2500000000  0.1250000000  0.1250000000   3.90625000000000e-03
[qbox][kp8881fcc.i]  kpoint add  0.2500000000  0.1250000000  0.2500000000   3.90625000000000e-03
[qbox][kp8881fcc.i]  kpoint add  0.2500000000  0.1250000000  0.3750000000   3.90625000000000e-03
[qbox][kp8881fcc.i]  kpoint add  0.2500000000  0.1250000000  0.5000000000   1.95312500000000e-03
[qbox][kp8881fcc.i]  kpoint add  0.2500000000  0.2500000000  0.6250000000   3.90625000000000e-03
[qbox][kp8881fcc.i]  kpoint add  0.2500000000  0.2500000000 -0.2500000000   3.90625000000000e-03
[qbox][kp8881fcc.i]  kpoint add  0.2500000000  0.2500000000 -0.1250000000   3.90625000000000e-03
[qbox][kp8881fcc.i]  kpoint add  0.2500000000  0.2500000000  0.0000000000   3.90625000000000e-03
[qbox][kp8881fcc.i]  kpoint add  0.2500000000  0.2500000000  0.1250000000   3.90625000000000e-03
[qbox][kp8881fcc.i]  kpoint add  0.2500000000  0.2500000000  0.2500000000   3.90625000000000e-03
[qbox][kp8881fcc.i]  kpoint add  0.2500000000  0.2500000000  0.3750000000   3.90625000000000e-03
[qbox][kp8881fcc.i]  kpoint add  0.2500000000  0.2500000000  0.5000000000   1.95312500000000e-03
[qbox][kp8881fcc.i]  kpoint add  0.2500000000  0.3750000000  0.6250000000   3.90625000000000e-03
[qbox][kp8881fcc.i]  kpoint add  0.2500000000  0.3750000000 -0.2500000000   3.90625000000000e-03
[qbox][kp8881fcc.i]  kpoint add  0.2500000000  0.3750000000 -0.1250000000   3.90625000000000e-03
Fatal error in MPI_Comm_create:
Other MPI error, error stack:
MPI_Comm_create(394): MPI_Comm_create(comm=0xc400000c, group=0xc80300ee, new_comm=0x7fff6ba45698) failed
MPI_Comm_create(155): Too many communicators
